[debug] [2018-03-17T15:01:21.864Z] ----------------------------------------------------------------------
[debug] [2018-03-17T15:01:21.872Z] Command:       C:\Program Files\nodejs\node.exe C:\Users\esha\AppData\Roaming\npm\node_modules\firebase-tools\bin\firebase serve
[debug] [2018-03-17T15:01:21.873Z] CLI Version:   3.17.6
[debug] [2018-03-17T15:01:21.873Z] Platform:      win32
[debug] [2018-03-17T15:01:21.873Z] Node Version:  v9.8.0
[debug] [2018-03-17T15:01:21.875Z] Time:          Sat Mar 17 2018 11:01:21 GMT-0400 (Eastern Daylight Time)
[debug] [2018-03-17T15:01:21.875Z] ----------------------------------------------------------------------
[debug] 
[debug] [2018-03-17T15:01:21.912Z] > command requires scopes: ["email","openid","https://www.googleapis.com/auth/cloudplatformprojects.readonly","https://www.googleapis.com/auth/firebase","https://www.googleapis.com/auth/cloud-platform"]
[debug] [2018-03-17T15:01:21.913Z] > authorizing via signed-in user
[debug] [2018-03-17T15:01:21.920Z] >>> HTTP REQUEST GET https://admin.firebase.com/v1/projects/gwc-homelessness  
  
 Sat Mar 17 2018 11:01:21 GMT-0400 (Eastern Daylight Time)
[debug] [2018-03-17T15:01:22.556Z] <<< HTTP RESPONSE 200
[debug] [2018-03-17T15:01:22.560Z] >>> HTTP REQUEST GET https://admin.firebase.com/v1/database/gwc-homelessness/tokens  
  
 Sat Mar 17 2018 11:01:22 GMT-0400 (Eastern Daylight Time)
[debug] [2018-03-17T15:01:23.131Z] <<< HTTP RESPONSE 200
[debug] [2018-03-17T15:01:23.134Z] >>> HTTP REQUEST GET https://cloudresourcemanager.googleapis.com/v1/projects/gwc-homelessness  
  
 Sat Mar 17 2018 11:01:23 GMT-0400 (Eastern Daylight Time)
[debug] [2018-03-17T15:01:23.476Z] <<< HTTP RESPONSE 200
[info] 
[info] === Serving from 'C:\Users\esha\Documents\GitHub\ProjectHomelessness\Website'...
[info] 
[debug] [2018-03-17T15:01:23.498Z] >>> HTTP REQUEST GET https://mobilesdk-pa.googleapis.com/v1/projects/973683998221/clients/_:getWebAppConfig  
  
 Sat Mar 17 2018 11:01:23 GMT-0400 (Eastern Daylight Time)
[debug] [2018-03-17T15:01:24.115Z] <<< HTTP RESPONSE 200
[info] +  hosting: Local server: http://localhost:5000

